2022-12-18 20:12:331 INFO  HomePage :85 - clickOn Desktops[[ChromeDriver: chrome on WINDOWS (a9a0fe4dc870f1b01e3d6298a37c5352)] -> link text: Desktops]
2022-12-18 20:12:687 INFO  HomePage :98 - click On Show All Desktops[[ChromeDriver: chrome on WINDOWS (a9a0fe4dc870f1b01e3d6298a37c5352)] -> link text: Show All Desktops]
2022-12-18 20:12:72 INFO  HomePage :85 - clickOn Desktops[[ChromeDriver: chrome on WINDOWS (42045962bcf410f23a865c5c2e2e5e71)] -> link text: Desktops]
2022-12-18 20:12:586 INFO  HomePage :98 - click On Show All Desktops[[ChromeDriver: chrome on WINDOWS (42045962bcf410f23a865c5c2e2e5e71)] -> link text: Show All Desktops]
2022-12-18 20:12:735 INFO  HomePage :85 - clickOn Desktops[[ChromeDriver: chrome on WINDOWS (9a36b15be014531738226a055722a633)] -> link text: Desktops]
2022-12-18 20:12:992 INFO  HomePage :98 - click On Show All Desktops[[ChromeDriver: chrome on WINDOWS (9a36b15be014531738226a055722a633)] -> link text: Show All Desktops]
2022-12-18 20:12:792 INFO  DesktopPage :110 - NameA To Z[[ChromeDriver: chrome on WINDOWS (9a36b15be014531738226a055722a633)] -> id: input-sort]
2022-12-18 20:12:329 INFO  HomePage :85 - clickOn Desktops[[ChromeDriver: chrome on WINDOWS (900538e518a63911d42a903dd143f26f)] -> link text: Desktops]
2022-12-18 20:12:686 INFO  HomePage :98 - click On Show All Desktops[[ChromeDriver: chrome on WINDOWS (900538e518a63911d42a903dd143f26f)] -> link text: Show All Desktops]
2022-12-18 20:12:755 INFO  HomePage :85 - clickOn Desktops[[ChromeDriver: chrome on WINDOWS (f90ba56ae53b138f2c4388503c09a663)] -> link text: Desktops]
2022-12-18 20:12:566 INFO  HomePage :98 - click On Show All Desktops[[ChromeDriver: chrome on WINDOWS (f90ba56ae53b138f2c4388503c09a663)] -> link text: Show All Desktops]
2022-12-18 20:12:14 INFO  DesktopPage :94 - Name Z To A[[ChromeDriver: chrome on WINDOWS (f90ba56ae53b138f2c4388503c09a663)] -> id: input-sort]
2022-12-18 20:12:301 INFO  DesktopPage :94 - Name Z To A[[ChromeDriver: chrome on WINDOWS (f90ba56ae53b138f2c4388503c09a663)] -> id: input-sort]
2022-12-18 20:12:457 INFO  HomePage :85 - clickOn Desktops[[ChromeDriver: chrome on WINDOWS (01fffad5c61a33c191b674a159a5d418)] -> link text: Desktops]
2022-12-18 20:12:742 INFO  HomePage :98 - click On Show All Desktops[[ChromeDriver: chrome on WINDOWS (01fffad5c61a33c191b674a159a5d418)] -> link text: Show All Desktops]
2022-12-18 20:12:39 INFO  DesktopPage :110 - NameA To Z[[ChromeDriver: chrome on WINDOWS (01fffad5c61a33c191b674a159a5d418)] -> id: input-sort]
2022-12-18 20:12:287 INFO  DesktopPage :116 - Select product[[ChromeDriver: chrome on WINDOWS (01fffad5c61a33c191b674a159a5d418)] -> xpath: //a[contains(text(),'HP LP3065')]]
2022-12-18 20:12:327 INFO  DesktopPage :121 - get product name[[ChromeDriver: chrome on WINDOWS (01fffad5c61a33c191b674a159a5d418)] -> xpath: //h1[contains(text(),'HP LP3065')]]
2022-12-18 20:12:173 INFO  HomePage :85 - clickOn Desktops[[ChromeDriver: chrome on WINDOWS (34594cf17b208c784cc1a30f7888ecf8)] -> link text: Desktops]
2022-12-18 20:12:358 INFO  HomePage :98 - click On Show All Desktops[[ChromeDriver: chrome on WINDOWS (34594cf17b208c784cc1a30f7888ecf8)] -> link text: Show All Desktops]
2022-12-18 20:12:706 INFO  DesktopPage :110 - NameA To Z[[ChromeDriver: chrome on WINDOWS (34594cf17b208c784cc1a30f7888ecf8)] -> id: input-sort]
2022-12-18 20:12:716 INFO  DesktopPage :116 - Select product[[ChromeDriver: chrome on WINDOWS (34594cf17b208c784cc1a30f7888ecf8)] -> xpath: //a[contains(text(),'HP LP3065')]]
2022-12-18 20:12:777 INFO  DesktopPage :121 - get product name[[ChromeDriver: chrome on WINDOWS (34594cf17b208c784cc1a30f7888ecf8)] -> xpath: //h1[contains(text(),'HP LP3065')]]
2022-12-18 20:12:399 INFO  HomePage :85 - clickOn Desktops[[ChromeDriver: chrome on WINDOWS (af88d1a7235d07b50d9f0811aeecf6f9)] -> link text: Desktops]
2022-12-18 20:12:583 INFO  HomePage :98 - click On Show All Desktops[[ChromeDriver: chrome on WINDOWS (af88d1a7235d07b50d9f0811aeecf6f9)] -> link text: Show All Desktops]
2022-12-18 20:12:549 INFO  DesktopPage :110 - NameA To Z[[ChromeDriver: chrome on WINDOWS (af88d1a7235d07b50d9f0811aeecf6f9)] -> id: input-sort]
2022-12-18 20:12:413 INFO  DesktopPage :116 - Select product[[ChromeDriver: chrome on WINDOWS (af88d1a7235d07b50d9f0811aeecf6f9)] -> xpath: //a[contains(text(),'HP LP3065')]]
2022-12-18 20:12:468 INFO  DesktopPage :121 - get product name[[ChromeDriver: chrome on WINDOWS (af88d1a7235d07b50d9f0811aeecf6f9)] -> xpath: //h1[contains(text(),'HP LP3065')]]
2022-12-18 20:12:467 INFO  HomePage :85 - clickOn Desktops[[ChromeDriver: chrome on WINDOWS (6d1f8bee11f145ca7b384593575ae392)] -> link text: Desktops]
2022-12-18 20:12:618 INFO  HomePage :98 - click On Show All Desktops[[ChromeDriver: chrome on WINDOWS (6d1f8bee11f145ca7b384593575ae392)] -> link text: Show All Desktops]
2022-12-18 20:12:559 INFO  DesktopPage :110 - NameA To Z[[ChromeDriver: chrome on WINDOWS (6d1f8bee11f145ca7b384593575ae392)] -> id: input-sort]
2022-12-18 20:12:381 INFO  DesktopPage :116 - Select product[[ChromeDriver: chrome on WINDOWS (6d1f8bee11f145ca7b384593575ae392)] -> xpath: //a[contains(text(),'HP LP3065')]]
2022-12-18 20:12:604 INFO  HomePage :85 - clickOn Desktops[[ChromeDriver: chrome on WINDOWS (c275f88b2e15c9c4b1c601ce66547131)] -> link text: Desktops]
2022-12-18 20:12:870 INFO  HomePage :98 - click On Show All Desktops[[ChromeDriver: chrome on WINDOWS (c275f88b2e15c9c4b1c601ce66547131)] -> link text: Show All Desktops]
2022-12-18 20:12:780 INFO  DesktopPage :110 - NameA To Z[[ChromeDriver: chrome on WINDOWS (c275f88b2e15c9c4b1c601ce66547131)] -> id: input-sort]
2022-12-18 20:12:477 INFO  DesktopPage :116 - Select product[[ChromeDriver: chrome on WINDOWS (c275f88b2e15c9c4b1c601ce66547131)] -> xpath: //a[contains(text(),'HP LP3065')]]
2022-12-18 20:12:521 INFO  DesktopPage :121 - get product name[[ChromeDriver: chrome on WINDOWS (c275f88b2e15c9c4b1c601ce66547131)] -> xpath: //h1[contains(text(),'HP LP3065')]]
2022-12-18 20:12:504 INFO  DesktopPage :160 - Add to Card product[[ChromeDriver: chrome on WINDOWS (c275f88b2e15c9c4b1c601ce66547131)] -> xpath: //button[@id='button-cart']]
2022-12-18 20:12:806 INFO  DesktopPage :165 - get Text [[ChromeDriver: chrome on WINDOWS (c275f88b2e15c9c4b1c601ce66547131)] -> xpath: //div[@class='alert alert-success alert-dismissible']]
2022-12-18 20:12:100 INFO  HomePage :85 - clickOn Desktops[[ChromeDriver: chrome on WINDOWS (0062d0425d121b2b918529cc3b914fc3)] -> link text: Desktops]
2022-12-18 20:12:166 INFO  HomePage :98 - click On Show All Desktops[[ChromeDriver: chrome on WINDOWS (0062d0425d121b2b918529cc3b914fc3)] -> link text: Show All Desktops]
2022-12-18 20:12:213 INFO  DesktopPage :110 - NameA To Z[[ChromeDriver: chrome on WINDOWS (0062d0425d121b2b918529cc3b914fc3)] -> id: input-sort]
2022-12-18 20:12:31 INFO  DesktopPage :116 - Select product[[ChromeDriver: chrome on WINDOWS (0062d0425d121b2b918529cc3b914fc3)] -> xpath: //a[contains(text(),'HP LP3065')]]
2022-12-18 20:12:85 INFO  DesktopPage :121 - get product name[[ChromeDriver: chrome on WINDOWS (0062d0425d121b2b918529cc3b914fc3)] -> xpath: //h1[contains(text(),'HP LP3065')]]
2022-12-18 20:12:237 INFO  DesktopPage :160 - Add to Card product[[ChromeDriver: chrome on WINDOWS (0062d0425d121b2b918529cc3b914fc3)] -> xpath: //button[@id='button-cart']]
2022-12-18 20:12:543 INFO  DesktopPage :165 - get Text [[ChromeDriver: chrome on WINDOWS (0062d0425d121b2b918529cc3b914fc3)] -> xpath: //div[@class='alert alert-success alert-dismissible']]
2022-12-18 20:12:306 INFO  DesktopPage :171 - click On Shopping Card [[ChromeDriver: chrome on WINDOWS (0062d0425d121b2b918529cc3b914fc3)] -> xpath: //a[contains(text(),'shopping cart')]]
2022-12-18 20:12:426 INFO  DesktopPage :176 - get Text [[ChromeDriver: chrome on WINDOWS (0062d0425d121b2b918529cc3b914fc3)] -> xpath: //a[contains(text(),'Shopping Cart')]]
2022-12-18 20:12:506 INFO  DesktopPage :183 - get Tex[[ChromeDriver: chrome on WINDOWS (0062d0425d121b2b918529cc3b914fc3)] -> link text: HP LP3065]
2022-12-18 20:12:545 INFO  DesktopPage :190 - Verify Delivery Date[[ChromeDriver: chrome on WINDOWS (0062d0425d121b2b918529cc3b914fc3)] -> xpath: //small[contains(text(),'Delivery Date: 2023-11-30')]]
2022-12-18 20:12:589 INFO  DesktopPage :197 - Verify Model Name[[ChromeDriver: chrome on WINDOWS (0062d0425d121b2b918529cc3b914fc3)] -> xpath: //td[contains(text(),'Product 21')]]
2022-12-18 20:12:643 INFO  DesktopPage :203 - Verify Product Price[[ChromeDriver: chrome on WINDOWS (0062d0425d121b2b918529cc3b914fc3)] -> xpath: //tbody/tr[1]/td[6]]
2022-12-18 20:12:263 INFO  HomePage :85 - clickOn Desktops[[ChromeDriver: chrome on WINDOWS (d69495a0f3e81d06e2ce4b0f1c5625aa)] -> link text: Desktops]
2022-12-18 20:12:523 INFO  HomePage :98 - click On Show All Desktops[[ChromeDriver: chrome on WINDOWS (d69495a0f3e81d06e2ce4b0f1c5625aa)] -> link text: Show All Desktops]
2022-12-18 20:12:440 INFO  DesktopPage :110 - NameA To Z[[ChromeDriver: chrome on WINDOWS (d69495a0f3e81d06e2ce4b0f1c5625aa)] -> id: input-sort]
2022-12-18 20:12:296 INFO  DesktopPage :116 - Select product[[ChromeDriver: chrome on WINDOWS (d69495a0f3e81d06e2ce4b0f1c5625aa)] -> xpath: //a[contains(text(),'HP LP3065')]]
2022-12-18 20:12:326 INFO  DesktopPage :121 - get product name[[ChromeDriver: chrome on WINDOWS (d69495a0f3e81d06e2ce4b0f1c5625aa)] -> xpath: //h1[contains(text(),'HP LP3065')]]
2022-12-18 20:12:839 INFO  DesktopPage :160 - Add to Card product[[ChromeDriver: chrome on WINDOWS (d69495a0f3e81d06e2ce4b0f1c5625aa)] -> xpath: //button[@id='button-cart']]
2022-12-18 20:12:203 INFO  DesktopPage :165 - get Text [[ChromeDriver: chrome on WINDOWS (d69495a0f3e81d06e2ce4b0f1c5625aa)] -> xpath: //div[@class='alert alert-success alert-dismissible']]
2022-12-18 20:12:79 INFO  DesktopPage :171 - click On Shopping Card [[ChromeDriver: chrome on WINDOWS (d69495a0f3e81d06e2ce4b0f1c5625aa)] -> xpath: //a[contains(text(),'shopping cart')]]
2022-12-18 20:12:184 INFO  DesktopPage :176 - get Text [[ChromeDriver: chrome on WINDOWS (d69495a0f3e81d06e2ce4b0f1c5625aa)] -> xpath: //a[contains(text(),'Shopping Cart')]]
2022-12-18 20:12:257 INFO  DesktopPage :183 - get Tex[[ChromeDriver: chrome on WINDOWS (d69495a0f3e81d06e2ce4b0f1c5625aa)] -> link text: HP LP3065]
2022-12-18 20:12:306 INFO  DesktopPage :190 - Verify Delivery Date[[ChromeDriver: chrome on WINDOWS (d69495a0f3e81d06e2ce4b0f1c5625aa)] -> xpath: //small[contains(text(),'Delivery Date: 2023-11-30')]]
2022-12-18 20:12:347 INFO  DesktopPage :197 - Verify Model Name[[ChromeDriver: chrome on WINDOWS (d69495a0f3e81d06e2ce4b0f1c5625aa)] -> xpath: //td[contains(text(),'Product 21')]]
2022-12-18 20:12:408 INFO  DesktopPage :203 - Verify Product Price[[ChromeDriver: chrome on WINDOWS (d69495a0f3e81d06e2ce4b0f1c5625aa)] -> xpath: //tbody/tr[1]/td[6]]
2022-12-18 22:12:842 INFO  HomePage :85 - clickOn Desktops[[ChromeDriver: chrome on WINDOWS (05d83a56dd46e96fe67deb98a2cfff9e)] -> link text: Desktops]
2022-12-18 22:12:858 INFO  HomePage :98 - click On Show All Desktops[[ChromeDriver: chrome on WINDOWS (05d83a56dd46e96fe67deb98a2cfff9e)] -> link text: Show All Desktops]
2022-12-18 22:12:704 INFO  DesktopPage :94 - Name Z To A[[ChromeDriver: chrome on WINDOWS (05d83a56dd46e96fe67deb98a2cfff9e)] -> id: input-sort]
2022-12-18 22:12:880 INFO  DesktopPage :94 - Name Z To A[[ChromeDriver: chrome on WINDOWS (05d83a56dd46e96fe67deb98a2cfff9e)] -> id: input-sort]
2022-12-18 22:12:350 INFO  HomePage :85 - clickOn Desktops[[ChromeDriver: chrome on WINDOWS (a279df81b540830ad1b1fc575932f4b5)] -> link text: Desktops]
2022-12-18 22:12:295 INFO  HomePage :98 - click On Show All Desktops[[ChromeDriver: chrome on WINDOWS (a279df81b540830ad1b1fc575932f4b5)] -> link text: Show All Desktops]
2022-12-18 22:12:892 INFO  DesktopPage :110 - NameA To Z[[ChromeDriver: chrome on WINDOWS (a279df81b540830ad1b1fc575932f4b5)] -> id: input-sort]
2022-12-18 22:12:53 INFO  DesktopPage :116 - Select product[[ChromeDriver: chrome on WINDOWS (a279df81b540830ad1b1fc575932f4b5)] -> xpath: //a[contains(text(),'HP LP3065')]]
2022-12-18 22:12:82 INFO  DesktopPage :121 - get product name[[ChromeDriver: chrome on WINDOWS (a279df81b540830ad1b1fc575932f4b5)] -> xpath: //h1[contains(text(),'HP LP3065')]]
2022-12-18 22:12:927 INFO  DesktopPage :160 - Add to Card product[[ChromeDriver: chrome on WINDOWS (a279df81b540830ad1b1fc575932f4b5)] -> xpath: //button[@id='button-cart']]
2022-12-18 22:12:279 INFO  DesktopPage :165 - get Text [[ChromeDriver: chrome on WINDOWS (a279df81b540830ad1b1fc575932f4b5)] -> xpath: //div[@class='alert alert-success alert-dismissible']]
2022-12-18 22:12:873 INFO  DesktopPage :171 - click On Shopping Card [[ChromeDriver: chrome on WINDOWS (a279df81b540830ad1b1fc575932f4b5)] -> xpath: //a[contains(text(),'shopping cart')]]
2022-12-18 22:12:895 INFO  DesktopPage :176 - get Text [[ChromeDriver: chrome on WINDOWS (a279df81b540830ad1b1fc575932f4b5)] -> xpath: //a[contains(text(),'Shopping Cart')]]
2022-12-18 22:12:956 INFO  DesktopPage :183 - get Tex[[ChromeDriver: chrome on WINDOWS (a279df81b540830ad1b1fc575932f4b5)] -> link text: HP LP3065]
2022-12-18 22:12:997 INFO  DesktopPage :190 - Verify Delivery Date[[ChromeDriver: chrome on WINDOWS (a279df81b540830ad1b1fc575932f4b5)] -> xpath: //small[contains(text(),'Delivery Date: 2023-11-30')]]
2022-12-18 22:12:46 INFO  DesktopPage :197 - Verify Model Name[[ChromeDriver: chrome on WINDOWS (a279df81b540830ad1b1fc575932f4b5)] -> xpath: //td[contains(text(),'Product 21')]]
2022-12-18 22:12:80 INFO  DesktopPage :203 - Verify Product Price[[ChromeDriver: chrome on WINDOWS (a279df81b540830ad1b1fc575932f4b5)] -> xpath: //tbody/tr[1]/td[6]]
2022-12-18 22:12:140 INFO  HomePage :112 - mouse Hover On laptop [[ChromeDriver: chrome on WINDOWS (33923d2eb6e1c1b2dd52491ec4cd1fe2)] -> link text: Laptops & Notebooks]
2022-12-18 22:12:899 INFO  HomePage :119 - click On Show All laptop [[ChromeDriver: chrome on WINDOWS (33923d2eb6e1c1b2dd52491ec4cd1fe2)] -> link text: Show All Laptops & Notebooks]
2022-12-18 22:12:551 INFO  LaptopsAndNotebooksPage :145 - Price High To Low[[ChromeDriver: chrome on WINDOWS (33923d2eb6e1c1b2dd52491ec4cd1fe2)] -> id: input-sort]
2022-12-18 22:12:762 INFO  HomePage :112 - mouse Hover On laptop [[ChromeDriver: chrome on WINDOWS (773f3a165111d10d03000ebdac401d45)] -> link text: Laptops & Notebooks]
2022-12-18 22:12:507 INFO  HomePage :119 - click On Show All laptop [[ChromeDriver: chrome on WINDOWS (773f3a165111d10d03000ebdac401d45)] -> link text: Show All Laptops & Notebooks]
2022-12-18 22:12:108 INFO  LaptopsAndNotebooksPage :145 - Price High To Low[[ChromeDriver: chrome on WINDOWS (773f3a165111d10d03000ebdac401d45)] -> id: input-sort]
2022-12-18 22:12:308 INFO  LaptopsAndNotebooksPage :163 - select product[[ChromeDriver: chrome on WINDOWS (773f3a165111d10d03000ebdac401d45)] -> xpath: //a[text()='MacBook']]
2022-12-18 22:12:328 INFO  LaptopsAndNotebooksPage :175 - verify macbook[[ChromeDriver: chrome on WINDOWS (773f3a165111d10d03000ebdac401d45)] -> xpath: //h1[contains(text(),'MacBook')]]
2022-12-18 22:12:607 INFO  LaptopsAndNotebooksPage :185 - click Add To Cart[[ChromeDriver: chrome on WINDOWS (773f3a165111d10d03000ebdac401d45)] -> id: button-cart]
2022-12-18 22:12:738 INFO  LaptopsAndNotebooksPage :191 - get Text[[ChromeDriver: chrome on WINDOWS (773f3a165111d10d03000ebdac401d45)] -> xpath: //div[@class='alert alert-success alert-dismissible']]
2022-12-18 22:12:240 INFO  LaptopsAndNotebooksPage :198 - clickOn Shopping Card[[ChromeDriver: chrome on WINDOWS (773f3a165111d10d03000ebdac401d45)] -> xpath: //a[contains(text(),'shopping cart')]]
2022-12-18 22:12:267 INFO  LaptopsAndNotebooksPage :203 - get Text[[ChromeDriver: chrome on WINDOWS (773f3a165111d10d03000ebdac401d45)] -> xpath: //a[contains(text(),'Shopping Cart')]]
2022-12-18 22:12:362 INFO  LaptopsAndNotebooksPage :209 - Verify Leptop HP[[ChromeDriver: chrome on WINDOWS (773f3a165111d10d03000ebdac401d45)] -> link text: MacBook]
2022-12-18 22:12:431 INFO  LaptopsAndNotebooksPage :216 - Clear On Quantity[[ChromeDriver: chrome on WINDOWS (773f3a165111d10d03000ebdac401d45)] -> xpath: //tbody/tr[1]/td[4]/div[1]/input[1]]
2022-12-18 22:12:533 INFO  LaptopsAndNotebooksPage :222 - Add Quantity[[ChromeDriver: chrome on WINDOWS (773f3a165111d10d03000ebdac401d45)] -> xpath: //tbody/tr[1]/td[4]/div[1]/input[1]]
2022-12-18 22:12:234 INFO  LaptopsAndNotebooksPage :228 - updata button click[[ChromeDriver: chrome on WINDOWS (773f3a165111d10d03000ebdac401d45)] -> xpath: //tbody/tr[1]/td[4]/div[1]/span[1]/button[1]]
2022-12-18 22:12:254 INFO  LaptopsAndNotebooksPage :233 - get Text[[ChromeDriver: chrome on WINDOWS (773f3a165111d10d03000ebdac401d45)] -> xpath: //div[@class='alert alert-success alert-dismissible']]
2022-12-18 22:12:295 INFO  LaptopsAndNotebooksPage :241 - Verify Product Price[[ChromeDriver: chrome on WINDOWS (773f3a165111d10d03000ebdac401d45)] -> xpath: //tbody/tr[1]/td[6]]
2022-12-18 22:12:768 INFO  LaptopsAndNotebooksPage :169 - click checkout[[ChromeDriver: chrome on WINDOWS (773f3a165111d10d03000ebdac401d45)] -> xpath: //a[contains(text(),'Checkout')]]
2022-12-18 22:12:792 INFO  LaptopsAndNotebooksPage :247 - Verify text checkout[[ChromeDriver: chrome on WINDOWS (773f3a165111d10d03000ebdac401d45)] -> xpath: //h1[contains(text(),'Checkout')]]
2022-12-18 22:12:914 INFO  LaptopsAndNotebooksPage :253 - Verify text new customer1[[ChromeDriver: chrome on WINDOWS (773f3a165111d10d03000ebdac401d45)] -> xpath: //h2[contains(text(),'New Customer')]]
2022-12-18 22:12:812 INFO  HomePage :85 - clickOn Desktops[[ChromeDriver: chrome on WINDOWS (ea668530eaedf8c00c02f231cb8c51b0)] -> link text: Desktops]
2022-12-18 22:12:744 INFO  HomePage :98 - click On Show All Desktops[[ChromeDriver: chrome on WINDOWS (ea668530eaedf8c00c02f231cb8c51b0)] -> link text: Show All Desktops]
2022-12-18 22:12:765 INFO  HomePage :103 - Verify Text[[ChromeDriver: chrome on WINDOWS (ea668530eaedf8c00c02f231cb8c51b0)] -> xpath: //h2[contains(text(),'Desktops')]]
2022-12-19 08:12:10 INFO  HomePage :112 - mouse Hover On laptop [[ChromeDriver: chrome on WINDOWS (4e1dedc95a486397b7d5baa588e54ebd)] -> link text: Laptops & Notebooks]
2022-12-19 08:12:98 INFO  HomePage :119 - click On Show All laptop [[ChromeDriver: chrome on WINDOWS (4e1dedc95a486397b7d5baa588e54ebd)] -> link text: Show All Laptops & Notebooks]
2022-12-19 08:12:131 INFO  LaptopsAndNotebooksPage :145 - Price High To Low[[ChromeDriver: chrome on WINDOWS (4e1dedc95a486397b7d5baa588e54ebd)] -> id: input-sort]
2022-12-19 08:12:07 INFO  LaptopsAndNotebooksPage :163 - select product[[ChromeDriver: chrome on WINDOWS (4e1dedc95a486397b7d5baa588e54ebd)] -> xpath: //a[text()='MacBook']]
2022-12-19 08:12:41 INFO  LaptopsAndNotebooksPage :175 - verify macbook[[ChromeDriver: chrome on WINDOWS (4e1dedc95a486397b7d5baa588e54ebd)] -> xpath: //h1[contains(text(),'MacBook')]]
2022-12-19 08:12:398 INFO  LaptopsAndNotebooksPage :185 - click Add To Cart[[ChromeDriver: chrome on WINDOWS (4e1dedc95a486397b7d5baa588e54ebd)] -> id: button-cart]
2022-12-19 08:12:591 INFO  LaptopsAndNotebooksPage :191 - get Text[[ChromeDriver: chrome on WINDOWS (4e1dedc95a486397b7d5baa588e54ebd)] -> xpath: //div[@class='alert alert-success alert-dismissible']]
2022-12-19 08:12:211 INFO  LaptopsAndNotebooksPage :198 - clickOn Shopping Card[[ChromeDriver: chrome on WINDOWS (4e1dedc95a486397b7d5baa588e54ebd)] -> xpath: //a[contains(text(),'shopping cart')]]
2022-12-19 08:12:242 INFO  LaptopsAndNotebooksPage :203 - get Text[[ChromeDriver: chrome on WINDOWS (4e1dedc95a486397b7d5baa588e54ebd)] -> xpath: //a[contains(text(),'Shopping Cart')]]
2022-12-19 08:12:324 INFO  LaptopsAndNotebooksPage :209 - Verify Leptop HP[[ChromeDriver: chrome on WINDOWS (4e1dedc95a486397b7d5baa588e54ebd)] -> link text: MacBook]
2022-12-19 08:12:423 INFO  LaptopsAndNotebooksPage :216 - Clear On Quantity[[ChromeDriver: chrome on WINDOWS (4e1dedc95a486397b7d5baa588e54ebd)] -> xpath: //tbody/tr[1]/td[4]/div[1]/input[1]]
2022-12-19 08:12:581 INFO  LaptopsAndNotebooksPage :222 - Add Quantity[[ChromeDriver: chrome on WINDOWS (4e1dedc95a486397b7d5baa588e54ebd)] -> xpath: //tbody/tr[1]/td[4]/div[1]/input[1]]
2022-12-19 08:12:301 INFO  LaptopsAndNotebooksPage :228 - updata button click[[ChromeDriver: chrome on WINDOWS (4e1dedc95a486397b7d5baa588e54ebd)] -> xpath: //tbody/tr[1]/td[4]/div[1]/span[1]/button[1]]
2022-12-19 08:12:336 INFO  LaptopsAndNotebooksPage :233 - get Text[[ChromeDriver: chrome on WINDOWS (4e1dedc95a486397b7d5baa588e54ebd)] -> xpath: //div[@class='alert alert-success alert-dismissible']]
2022-12-19 08:12:389 INFO  LaptopsAndNotebooksPage :241 - Verify Product Price[[ChromeDriver: chrome on WINDOWS (4e1dedc95a486397b7d5baa588e54ebd)] -> xpath: //tbody/tr[1]/td[6]]
2022-12-19 08:12:959 INFO  LaptopsAndNotebooksPage :169 - click checkout[[ChromeDriver: chrome on WINDOWS (4e1dedc95a486397b7d5baa588e54ebd)] -> xpath: //a[contains(text(),'Checkout')]]
2022-12-19 08:12:05 INFO  LaptopsAndNotebooksPage :247 - Verify text checkout[[ChromeDriver: chrome on WINDOWS (4e1dedc95a486397b7d5baa588e54ebd)] -> xpath: //h1[contains(text(),'Checkout')]]
2022-12-19 08:12:125 INFO  LaptopsAndNotebooksPage :253 - Verify text new customer1[[ChromeDriver: chrome on WINDOWS (4e1dedc95a486397b7d5baa588e54ebd)] -> xpath: //h2[contains(text(),'New Customer')]]
2022-12-19 08:12:435 INFO  LaptopsAndNotebooksPage :266 - click accout button[[ChromeDriver: chrome on WINDOWS (4e1dedc95a486397b7d5baa588e54ebd)] -> xpath: //input[@id='button-account']]
2022-12-19 08:12:435 INFO  HomePage :112 - mouse Hover On laptop [[ChromeDriver: chrome on WINDOWS (d447dd2b6b03d28dfd377a5ff271d681)] -> link text: Laptops & Notebooks]
2022-12-19 08:12:545 INFO  HomePage :119 - click On Show All laptop [[ChromeDriver: chrome on WINDOWS (d447dd2b6b03d28dfd377a5ff271d681)] -> link text: Show All Laptops & Notebooks]
2022-12-19 08:12:391 INFO  LaptopsAndNotebooksPage :145 - Price High To Low[[ChromeDriver: chrome on WINDOWS (d447dd2b6b03d28dfd377a5ff271d681)] -> id: input-sort]
2022-12-19 08:12:976 INFO  LaptopsAndNotebooksPage :163 - select product[[ChromeDriver: chrome on WINDOWS (d447dd2b6b03d28dfd377a5ff271d681)] -> xpath: //a[text()='MacBook']]
2022-12-19 08:12:09 INFO  LaptopsAndNotebooksPage :175 - verify macbook[[ChromeDriver: chrome on WINDOWS (d447dd2b6b03d28dfd377a5ff271d681)] -> xpath: //h1[contains(text(),'MacBook')]]
2022-12-19 08:12:336 INFO  LaptopsAndNotebooksPage :185 - click Add To Cart[[ChromeDriver: chrome on WINDOWS (d447dd2b6b03d28dfd377a5ff271d681)] -> id: button-cart]
2022-12-19 08:12:409 INFO  LaptopsAndNotebooksPage :191 - get Text[[ChromeDriver: chrome on WINDOWS (d447dd2b6b03d28dfd377a5ff271d681)] -> xpath: //div[@class='alert alert-success alert-dismissible']]
2022-12-19 08:12:31 INFO  LaptopsAndNotebooksPage :198 - clickOn Shopping Card[[ChromeDriver: chrome on WINDOWS (d447dd2b6b03d28dfd377a5ff271d681)] -> xpath: //a[contains(text(),'shopping cart')]]
2022-12-19 08:12:82 INFO  LaptopsAndNotebooksPage :203 - get Text[[ChromeDriver: chrome on WINDOWS (d447dd2b6b03d28dfd377a5ff271d681)] -> xpath: //a[contains(text(),'Shopping Cart')]]
2022-12-19 08:12:135 INFO  LaptopsAndNotebooksPage :209 - Verify Leptop HP[[ChromeDriver: chrome on WINDOWS (d447dd2b6b03d28dfd377a5ff271d681)] -> link text: MacBook]
2022-12-19 08:12:209 INFO  LaptopsAndNotebooksPage :216 - Clear On Quantity[[ChromeDriver: chrome on WINDOWS (d447dd2b6b03d28dfd377a5ff271d681)] -> xpath: //tbody/tr[1]/td[4]/div[1]/input[1]]
2022-12-19 08:12:324 INFO  LaptopsAndNotebooksPage :222 - Add Quantity[[ChromeDriver: chrome on WINDOWS (d447dd2b6b03d28dfd377a5ff271d681)] -> xpath: //tbody/tr[1]/td[4]/div[1]/input[1]]
2022-12-19 08:12:98 INFO  LaptopsAndNotebooksPage :228 - updata button click[[ChromeDriver: chrome on WINDOWS (d447dd2b6b03d28dfd377a5ff271d681)] -> xpath: //tbody/tr[1]/td[4]/div[1]/span[1]/button[1]]
2022-12-19 08:12:133 INFO  LaptopsAndNotebooksPage :233 - get Text[[ChromeDriver: chrome on WINDOWS (d447dd2b6b03d28dfd377a5ff271d681)] -> xpath: //div[@class='alert alert-success alert-dismissible']]
2022-12-19 08:12:178 INFO  LaptopsAndNotebooksPage :241 - Verify Product Price[[ChromeDriver: chrome on WINDOWS (d447dd2b6b03d28dfd377a5ff271d681)] -> xpath: //tbody/tr[1]/td[6]]
2022-12-19 08:12:777 INFO  LaptopsAndNotebooksPage :169 - click checkout[[ChromeDriver: chrome on WINDOWS (d447dd2b6b03d28dfd377a5ff271d681)] -> xpath: //a[contains(text(),'Checkout')]]
2022-12-19 08:12:809 INFO  LaptopsAndNotebooksPage :247 - Verify text checkout[[ChromeDriver: chrome on WINDOWS (d447dd2b6b03d28dfd377a5ff271d681)] -> xpath: //h1[contains(text(),'Checkout')]]
2022-12-19 08:12:975 INFO  LaptopsAndNotebooksPage :253 - Verify text new customer1[[ChromeDriver: chrome on WINDOWS (d447dd2b6b03d28dfd377a5ff271d681)] -> xpath: //h2[contains(text(),'New Customer')]]
2022-12-19 08:12:164 INFO  LaptopsAndNotebooksPage :266 - click accout button[[ChromeDriver: chrome on WINDOWS (d447dd2b6b03d28dfd377a5ff271d681)] -> xpath: //input[@id='button-account']]
2022-12-19 09:12:168 INFO  HomePage :112 - mouse Hover On laptop [[ChromeDriver: chrome on WINDOWS (e24e42e1df392c49fae9ce88512a3bd6)] -> link text: Laptops & Notebooks]
2022-12-19 09:12:84 INFO  HomePage :119 - click On Show All laptop [[ChromeDriver: chrome on WINDOWS (e24e42e1df392c49fae9ce88512a3bd6)] -> link text: Show All Laptops & Notebooks]
2022-12-19 09:12:738 INFO  LaptopsAndNotebooksPage :150 - Price High To Low[[ChromeDriver: chrome on WINDOWS (e24e42e1df392c49fae9ce88512a3bd6)] -> id: input-sort]
2022-12-19 09:12:298 INFO  LaptopsAndNotebooksPage :168 - select product[[ChromeDriver: chrome on WINDOWS (e24e42e1df392c49fae9ce88512a3bd6)] -> xpath: //a[text()='MacBook']]
2022-12-19 09:12:326 INFO  LaptopsAndNotebooksPage :180 - verify macbook[[ChromeDriver: chrome on WINDOWS (e24e42e1df392c49fae9ce88512a3bd6)] -> xpath: //h1[contains(text(),'MacBook')]]
2022-12-19 09:12:573 INFO  LaptopsAndNotebooksPage :190 - click Add To Cart[[ChromeDriver: chrome on WINDOWS (e24e42e1df392c49fae9ce88512a3bd6)] -> id: button-cart]
2022-12-19 09:12:764 INFO  LaptopsAndNotebooksPage :196 - get Text[[ChromeDriver: chrome on WINDOWS (e24e42e1df392c49fae9ce88512a3bd6)] -> xpath: //div[@class='alert alert-success alert-dismissible']]
2022-12-19 09:12:309 INFO  LaptopsAndNotebooksPage :203 - clickOn Shopping Card[[ChromeDriver: chrome on WINDOWS (e24e42e1df392c49fae9ce88512a3bd6)] -> xpath: //a[contains(text(),'shopping cart')]]
2022-12-19 09:12:352 INFO  LaptopsAndNotebooksPage :208 - get Text[[ChromeDriver: chrome on WINDOWS (e24e42e1df392c49fae9ce88512a3bd6)] -> xpath: //a[contains(text(),'Shopping Cart')]]
2022-12-19 09:12:426 INFO  LaptopsAndNotebooksPage :214 - Verify Leptop HP[[ChromeDriver: chrome on WINDOWS (e24e42e1df392c49fae9ce88512a3bd6)] -> link text: MacBook]
2022-12-19 09:12:502 INFO  LaptopsAndNotebooksPage :221 - Clear On Quantity[[ChromeDriver: chrome on WINDOWS (e24e42e1df392c49fae9ce88512a3bd6)] -> xpath: //tbody/tr[1]/td[4]/div[1]/input[1]]
2022-12-19 09:12:619 INFO  LaptopsAndNotebooksPage :227 - Add Quantity[[ChromeDriver: chrome on WINDOWS (e24e42e1df392c49fae9ce88512a3bd6)] -> xpath: //tbody/tr[1]/td[4]/div[1]/input[1]]
2022-12-19 09:12:376 INFO  LaptopsAndNotebooksPage :233 - updata button click[[ChromeDriver: chrome on WINDOWS (e24e42e1df392c49fae9ce88512a3bd6)] -> xpath: //tbody/tr[1]/td[4]/div[1]/span[1]/button[1]]
2022-12-19 09:12:410 INFO  LaptopsAndNotebooksPage :238 - get Text[[ChromeDriver: chrome on WINDOWS (e24e42e1df392c49fae9ce88512a3bd6)] -> xpath: //div[@class='alert alert-success alert-dismissible']]
2022-12-19 09:12:454 INFO  LaptopsAndNotebooksPage :246 - Verify Product Price[[ChromeDriver: chrome on WINDOWS (e24e42e1df392c49fae9ce88512a3bd6)] -> xpath: //tbody/tr[1]/td[6]]
2022-12-19 09:12:06 INFO  LaptopsAndNotebooksPage :174 - click checkout[[ChromeDriver: chrome on WINDOWS (e24e42e1df392c49fae9ce88512a3bd6)] -> xpath: //a[contains(text(),'Checkout')]]
2022-12-19 09:12:37 INFO  LaptopsAndNotebooksPage :252 - Verify text checkout[[ChromeDriver: chrome on WINDOWS (e24e42e1df392c49fae9ce88512a3bd6)] -> xpath: //h1[contains(text(),'Checkout')]]
2022-12-19 09:12:193 INFO  LaptopsAndNotebooksPage :258 - Verify text new customer1[[ChromeDriver: chrome on WINDOWS (e24e42e1df392c49fae9ce88512a3bd6)] -> xpath: //h2[contains(text(),'New Customer')]]
2022-12-19 09:12:346 INFO  LaptopsAndNotebooksPage :271 - click accout button[[ChromeDriver: chrome on WINDOWS (e24e42e1df392c49fae9ce88512a3bd6)] -> xpath: //input[@id='button-account']]
2022-12-19 09:12:232 INFO  HomePage :112 - mouse Hover On laptop [[ChromeDriver: chrome on WINDOWS (eac5293c1d26ad0aa189e12e168493a5)] -> link text: Laptops & Notebooks]
2022-12-19 09:12:137 INFO  HomePage :119 - click On Show All laptop [[ChromeDriver: chrome on WINDOWS (eac5293c1d26ad0aa189e12e168493a5)] -> link text: Show All Laptops & Notebooks]
2022-12-19 09:12:787 INFO  LaptopsAndNotebooksPage :150 - Price High To Low[[ChromeDriver: chrome on WINDOWS (eac5293c1d26ad0aa189e12e168493a5)] -> id: input-sort]
2022-12-19 09:12:323 INFO  LaptopsAndNotebooksPage :168 - select product[[ChromeDriver: chrome on WINDOWS (eac5293c1d26ad0aa189e12e168493a5)] -> xpath: //a[text()='MacBook']]
2022-12-19 09:12:354 INFO  LaptopsAndNotebooksPage :180 - verify macbook[[ChromeDriver: chrome on WINDOWS (eac5293c1d26ad0aa189e12e168493a5)] -> xpath: //h1[contains(text(),'MacBook')]]
2022-12-19 09:12:642 INFO  LaptopsAndNotebooksPage :190 - click Add To Cart[[ChromeDriver: chrome on WINDOWS (eac5293c1d26ad0aa189e12e168493a5)] -> id: button-cart]
2022-12-19 09:12:838 INFO  LaptopsAndNotebooksPage :196 - get Text[[ChromeDriver: chrome on WINDOWS (eac5293c1d26ad0aa189e12e168493a5)] -> xpath: //div[@class='alert alert-success alert-dismissible']]
2022-12-19 09:12:421 INFO  LaptopsAndNotebooksPage :203 - clickOn Shopping Card[[ChromeDriver: chrome on WINDOWS (eac5293c1d26ad0aa189e12e168493a5)] -> xpath: //a[contains(text(),'shopping cart')]]
2022-12-19 09:12:472 INFO  LaptopsAndNotebooksPage :208 - get Text[[ChromeDriver: chrome on WINDOWS (eac5293c1d26ad0aa189e12e168493a5)] -> xpath: //a[contains(text(),'Shopping Cart')]]
2022-12-19 09:12:525 INFO  LaptopsAndNotebooksPage :214 - Verify Leptop HP[[ChromeDriver: chrome on WINDOWS (eac5293c1d26ad0aa189e12e168493a5)] -> link text: MacBook]
2022-12-19 09:12:606 INFO  LaptopsAndNotebooksPage :221 - Clear On Quantity[[ChromeDriver: chrome on WINDOWS (eac5293c1d26ad0aa189e12e168493a5)] -> xpath: //tbody/tr[1]/td[4]/div[1]/input[1]]
2022-12-19 09:12:714 INFO  LaptopsAndNotebooksPage :227 - Add Quantity[[ChromeDriver: chrome on WINDOWS (eac5293c1d26ad0aa189e12e168493a5)] -> xpath: //tbody/tr[1]/td[4]/div[1]/input[1]]
2022-12-19 09:12:440 INFO  LaptopsAndNotebooksPage :233 - updata button click[[ChromeDriver: chrome on WINDOWS (eac5293c1d26ad0aa189e12e168493a5)] -> xpath: //tbody/tr[1]/td[4]/div[1]/span[1]/button[1]]
2022-12-19 09:12:481 INFO  LaptopsAndNotebooksPage :238 - get Text[[ChromeDriver: chrome on WINDOWS (eac5293c1d26ad0aa189e12e168493a5)] -> xpath: //div[@class='alert alert-success alert-dismissible']]
2022-12-19 09:12:524 INFO  LaptopsAndNotebooksPage :246 - Verify Product Price[[ChromeDriver: chrome on WINDOWS (eac5293c1d26ad0aa189e12e168493a5)] -> xpath: //tbody/tr[1]/td[6]]
2022-12-19 09:12:95 INFO  LaptopsAndNotebooksPage :174 - click checkout[[ChromeDriver: chrome on WINDOWS (eac5293c1d26ad0aa189e12e168493a5)] -> xpath: //a[contains(text(),'Checkout')]]
2022-12-19 09:12:135 INFO  LaptopsAndNotebooksPage :252 - Verify text checkout[[ChromeDriver: chrome on WINDOWS (eac5293c1d26ad0aa189e12e168493a5)] -> xpath: //h1[contains(text(),'Checkout')]]
2022-12-19 09:12:273 INFO  LaptopsAndNotebooksPage :258 - Verify text new customer1[[ChromeDriver: chrome on WINDOWS (eac5293c1d26ad0aa189e12e168493a5)] -> xpath: //h2[contains(text(),'New Customer')]]
2022-12-19 09:12:413 INFO  LaptopsAndNotebooksPage :271 - click accout button[[ChromeDriver: chrome on WINDOWS (eac5293c1d26ad0aa189e12e168493a5)] -> xpath: //input[@id='button-account']]
2022-12-19 09:12:393 INFO  HomePage :112 - mouse Hover On laptop [[ChromeDriver: chrome on WINDOWS (2a1af684ce8495175a4999c264b372c6)] -> link text: Laptops & Notebooks]
2022-12-19 09:12:397 INFO  HomePage :119 - click On Show All laptop [[ChromeDriver: chrome on WINDOWS (2a1af684ce8495175a4999c264b372c6)] -> link text: Show All Laptops & Notebooks]
2022-12-19 09:12:201 INFO  LaptopsAndNotebooksPage :150 - Price High To Low[[ChromeDriver: chrome on WINDOWS (2a1af684ce8495175a4999c264b372c6)] -> id: input-sort]
2022-12-19 09:12:944 INFO  LaptopsAndNotebooksPage :168 - select product[[ChromeDriver: chrome on WINDOWS (2a1af684ce8495175a4999c264b372c6)] -> xpath: //a[text()='MacBook']]
2022-12-19 09:12:973 INFO  LaptopsAndNotebooksPage :180 - verify macbook[[ChromeDriver: chrome on WINDOWS (2a1af684ce8495175a4999c264b372c6)] -> xpath: //h1[contains(text(),'MacBook')]]
2022-12-19 09:12:399 INFO  LaptopsAndNotebooksPage :190 - click Add To Cart[[ChromeDriver: chrome on WINDOWS (2a1af684ce8495175a4999c264b372c6)] -> id: button-cart]
2022-12-19 09:12:426 INFO  LaptopsAndNotebooksPage :196 - get Text[[ChromeDriver: chrome on WINDOWS (2a1af684ce8495175a4999c264b372c6)] -> xpath: //div[@class='alert alert-success alert-dismissible']]
2022-12-19 09:12:13 INFO  LaptopsAndNotebooksPage :203 - clickOn Shopping Card[[ChromeDriver: chrome on WINDOWS (2a1af684ce8495175a4999c264b372c6)] -> xpath: //a[contains(text(),'shopping cart')]]
2022-12-19 09:12:48 INFO  LaptopsAndNotebooksPage :208 - get Text[[ChromeDriver: chrome on WINDOWS (2a1af684ce8495175a4999c264b372c6)] -> xpath: //a[contains(text(),'Shopping Cart')]]
2022-12-19 09:12:106 INFO  LaptopsAndNotebooksPage :214 - Verify Leptop HP[[ChromeDriver: chrome on WINDOWS (2a1af684ce8495175a4999c264b372c6)] -> link text: MacBook]
2022-12-19 09:12:180 INFO  LaptopsAndNotebooksPage :221 - Clear On Quantity[[ChromeDriver: chrome on WINDOWS (2a1af684ce8495175a4999c264b372c6)] -> xpath: //tbody/tr[1]/td[4]/div[1]/input[1]]
2022-12-19 09:12:293 INFO  LaptopsAndNotebooksPage :227 - Add Quantity[[ChromeDriver: chrome on WINDOWS (2a1af684ce8495175a4999c264b372c6)] -> xpath: //tbody/tr[1]/td[4]/div[1]/input[1]]
2022-12-19 09:12:50 INFO  LaptopsAndNotebooksPage :233 - updata button click[[ChromeDriver: chrome on WINDOWS (2a1af684ce8495175a4999c264b372c6)] -> xpath: //tbody/tr[1]/td[4]/div[1]/span[1]/button[1]]
2022-12-19 09:12:81 INFO  LaptopsAndNotebooksPage :238 - get Text[[ChromeDriver: chrome on WINDOWS (2a1af684ce8495175a4999c264b372c6)] -> xpath: //div[@class='alert alert-success alert-dismissible']]
2022-12-19 09:12:127 INFO  LaptopsAndNotebooksPage :246 - Verify Product Price[[ChromeDriver: chrome on WINDOWS (2a1af684ce8495175a4999c264b372c6)] -> xpath: //tbody/tr[1]/td[6]]
2022-12-19 09:12:677 INFO  LaptopsAndNotebooksPage :174 - click checkout[[ChromeDriver: chrome on WINDOWS (2a1af684ce8495175a4999c264b372c6)] -> xpath: //a[contains(text(),'Checkout')]]
2022-12-19 09:12:717 INFO  LaptopsAndNotebooksPage :252 - Verify text checkout[[ChromeDriver: chrome on WINDOWS (2a1af684ce8495175a4999c264b372c6)] -> xpath: //h1[contains(text(),'Checkout')]]
2022-12-19 09:12:832 INFO  LaptopsAndNotebooksPage :258 - Verify text new customer1[[ChromeDriver: chrome on WINDOWS (2a1af684ce8495175a4999c264b372c6)] -> xpath: //h2[contains(text(),'New Customer')]]
2022-12-19 09:12:78 INFO  LaptopsAndNotebooksPage :271 - click accout button[[ChromeDriver: chrome on WINDOWS (2a1af684ce8495175a4999c264b372c6)] -> xpath: //input[@id='button-account']]
2022-12-19 09:12:311 INFO  HomePage :112 - mouse Hover On laptop [[ChromeDriver: chrome on WINDOWS (682bc8de1ee7a1bb072a3f750181b9b3)] -> link text: Laptops & Notebooks]
2022-12-19 09:12:311 INFO  HomePage :119 - click On Show All laptop [[ChromeDriver: chrome on WINDOWS (682bc8de1ee7a1bb072a3f750181b9b3)] -> link text: Show All Laptops & Notebooks]
2022-12-19 09:12:997 INFO  LaptopsAndNotebooksPage :150 - Price High To Low[[ChromeDriver: chrome on WINDOWS (682bc8de1ee7a1bb072a3f750181b9b3)] -> id: input-sort]
2022-12-19 09:12:631 INFO  LaptopsAndNotebooksPage :168 - select product[[ChromeDriver: chrome on WINDOWS (682bc8de1ee7a1bb072a3f750181b9b3)] -> xpath: //a[text()='MacBook']]
2022-12-19 09:12:666 INFO  LaptopsAndNotebooksPage :180 - verify macbook[[ChromeDriver: chrome on WINDOWS (682bc8de1ee7a1bb072a3f750181b9b3)] -> xpath: //h1[contains(text(),'MacBook')]]
2022-12-19 09:12:967 INFO  LaptopsAndNotebooksPage :190 - click Add To Cart[[ChromeDriver: chrome on WINDOWS (682bc8de1ee7a1bb072a3f750181b9b3)] -> id: button-cart]
2022-12-19 09:12:163 INFO  LaptopsAndNotebooksPage :196 - get Text[[ChromeDriver: chrome on WINDOWS (682bc8de1ee7a1bb072a3f750181b9b3)] -> xpath: //div[@class='alert alert-success alert-dismissible']]
2022-12-19 09:12:788 INFO  LaptopsAndNotebooksPage :203 - clickOn Shopping Card[[ChromeDriver: chrome on WINDOWS (682bc8de1ee7a1bb072a3f750181b9b3)] -> xpath: //a[contains(text(),'shopping cart')]]
2022-12-19 09:12:823 INFO  LaptopsAndNotebooksPage :208 - get Text[[ChromeDriver: chrome on WINDOWS (682bc8de1ee7a1bb072a3f750181b9b3)] -> xpath: //a[contains(text(),'Shopping Cart')]]
2022-12-19 09:12:897 INFO  LaptopsAndNotebooksPage :214 - Verify Leptop HP[[ChromeDriver: chrome on WINDOWS (682bc8de1ee7a1bb072a3f750181b9b3)] -> link text: MacBook]
2022-12-19 09:12:78 INFO  LaptopsAndNotebooksPage :221 - Clear On Quantity[[ChromeDriver: chrome on WINDOWS (682bc8de1ee7a1bb072a3f750181b9b3)] -> xpath: //tbody/tr[1]/td[4]/div[1]/input[1]]
2022-12-19 09:12:224 INFO  LaptopsAndNotebooksPage :227 - Add Quantity[[ChromeDriver: chrome on WINDOWS (682bc8de1ee7a1bb072a3f750181b9b3)] -> xpath: //tbody/tr[1]/td[4]/div[1]/input[1]]
2022-12-19 09:12:989 INFO  LaptopsAndNotebooksPage :233 - updata button click[[ChromeDriver: chrome on WINDOWS (682bc8de1ee7a1bb072a3f750181b9b3)] -> xpath: //tbody/tr[1]/td[4]/div[1]/span[1]/button[1]]
2022-12-19 09:12:43 INFO  LaptopsAndNotebooksPage :238 - get Text[[ChromeDriver: chrome on WINDOWS (682bc8de1ee7a1bb072a3f750181b9b3)] -> xpath: //div[@class='alert alert-success alert-dismissible']]
2022-12-19 09:12:107 INFO  LaptopsAndNotebooksPage :246 - Verify Product Price[[ChromeDriver: chrome on WINDOWS (682bc8de1ee7a1bb072a3f750181b9b3)] -> xpath: //tbody/tr[1]/td[6]]
2022-12-19 09:12:693 INFO  LaptopsAndNotebooksPage :174 - click checkout[[ChromeDriver: chrome on WINDOWS (682bc8de1ee7a1bb072a3f750181b9b3)] -> xpath: //a[contains(text(),'Checkout')]]
2022-12-19 09:12:726 INFO  LaptopsAndNotebooksPage :252 - Verify text checkout[[ChromeDriver: chrome on WINDOWS (682bc8de1ee7a1bb072a3f750181b9b3)] -> xpath: //h1[contains(text(),'Checkout')]]
2022-12-19 09:12:856 INFO  LaptopsAndNotebooksPage :258 - Verify text new customer1[[ChromeDriver: chrome on WINDOWS (682bc8de1ee7a1bb072a3f750181b9b3)] -> xpath: //h2[contains(text(),'New Customer')]]
2022-12-19 09:12:00 INFO  LaptopsAndNotebooksPage :271 - click accout button[[ChromeDriver: chrome on WINDOWS (682bc8de1ee7a1bb072a3f750181b9b3)] -> xpath: //input[@id='button-account']]
2022-12-19 09:12:840 INFO  HomePage :112 - mouse Hover On laptop [[ChromeDriver: chrome on WINDOWS (43030df70fac8eb24b4ba6d945b40098)] -> link text: Laptops & Notebooks]
2022-12-19 09:12:757 INFO  HomePage :119 - click On Show All laptop [[ChromeDriver: chrome on WINDOWS (43030df70fac8eb24b4ba6d945b40098)] -> link text: Show All Laptops & Notebooks]
2022-12-19 09:12:441 INFO  LaptopsAndNotebooksPage :150 - Price High To Low[[ChromeDriver: chrome on WINDOWS (43030df70fac8eb24b4ba6d945b40098)] -> id: input-sort]
2022-12-19 09:12:894 INFO  LaptopsAndNotebooksPage :168 - select product[[ChromeDriver: chrome on WINDOWS (43030df70fac8eb24b4ba6d945b40098)] -> xpath: //a[text()='MacBook']]
2022-12-19 09:12:925 INFO  LaptopsAndNotebooksPage :180 - verify macbook[[ChromeDriver: chrome on WINDOWS (43030df70fac8eb24b4ba6d945b40098)] -> xpath: //h1[contains(text(),'MacBook')]]
2022-12-19 09:12:118 INFO  LaptopsAndNotebooksPage :190 - click Add To Cart[[ChromeDriver: chrome on WINDOWS (43030df70fac8eb24b4ba6d945b40098)] -> id: button-cart]
2022-12-19 09:12:440 INFO  LaptopsAndNotebooksPage :196 - get Text[[ChromeDriver: chrome on WINDOWS (43030df70fac8eb24b4ba6d945b40098)] -> xpath: //div[@class='alert alert-success alert-dismissible']]
2022-12-19 09:12:36 INFO  LaptopsAndNotebooksPage :203 - clickOn Shopping Card[[ChromeDriver: chrome on WINDOWS (43030df70fac8eb24b4ba6d945b40098)] -> xpath: //a[contains(text(),'shopping cart')]]
2022-12-19 09:12:65 INFO  LaptopsAndNotebooksPage :208 - get Text[[ChromeDriver: chrome on WINDOWS (43030df70fac8eb24b4ba6d945b40098)] -> xpath: //a[contains(text(),'Shopping Cart')]]
2022-12-19 09:12:124 INFO  LaptopsAndNotebooksPage :214 - Verify Leptop HP[[ChromeDriver: chrome on WINDOWS (43030df70fac8eb24b4ba6d945b40098)] -> link text: MacBook]
2022-12-19 09:12:211 INFO  LaptopsAndNotebooksPage :221 - Clear On Quantity[[ChromeDriver: chrome on WINDOWS (43030df70fac8eb24b4ba6d945b40098)] -> xpath: //tbody/tr[1]/td[4]/div[1]/input[1]]
2022-12-19 09:12:368 INFO  LaptopsAndNotebooksPage :227 - Add Quantity[[ChromeDriver: chrome on WINDOWS (43030df70fac8eb24b4ba6d945b40098)] -> xpath: //tbody/tr[1]/td[4]/div[1]/input[1]]
2022-12-19 09:12:161 INFO  LaptopsAndNotebooksPage :233 - updata button click[[ChromeDriver: chrome on WINDOWS (43030df70fac8eb24b4ba6d945b40098)] -> xpath: //tbody/tr[1]/td[4]/div[1]/span[1]/button[1]]
2022-12-19 09:12:205 INFO  LaptopsAndNotebooksPage :238 - get Text[[ChromeDriver: chrome on WINDOWS (43030df70fac8eb24b4ba6d945b40098)] -> xpath: //div[@class='alert alert-success alert-dismissible']]
2022-12-19 09:12:256 INFO  LaptopsAndNotebooksPage :246 - Verify Product Price[[ChromeDriver: chrome on WINDOWS (43030df70fac8eb24b4ba6d945b40098)] -> xpath: //tbody/tr[1]/td[6]]
2022-12-19 09:12:878 INFO  LaptopsAndNotebooksPage :174 - click checkout[[ChromeDriver: chrome on WINDOWS (43030df70fac8eb24b4ba6d945b40098)] -> xpath: //a[contains(text(),'Checkout')]]
2022-12-19 09:12:904 INFO  LaptopsAndNotebooksPage :252 - Verify text checkout[[ChromeDriver: chrome on WINDOWS (43030df70fac8eb24b4ba6d945b40098)] -> xpath: //h1[contains(text(),'Checkout')]]
2022-12-19 09:12:38 INFO  LaptopsAndNotebooksPage :258 - Verify text new customer1[[ChromeDriver: chrome on WINDOWS (43030df70fac8eb24b4ba6d945b40098)] -> xpath: //h2[contains(text(),'New Customer')]]
2022-12-19 09:12:199 INFO  LaptopsAndNotebooksPage :271 - click accout button[[ChromeDriver: chrome on WINDOWS (43030df70fac8eb24b4ba6d945b40098)] -> xpath: //input[@id='button-account']]
2022-12-19 09:12:481 INFO  HomePage :112 - mouse Hover On laptop [[ChromeDriver: chrome on WINDOWS (12da26da948a52a6aea7b207ba35c809)] -> link text: Laptops & Notebooks]
2022-12-19 09:12:439 INFO  HomePage :119 - click On Show All laptop [[ChromeDriver: chrome on WINDOWS (12da26da948a52a6aea7b207ba35c809)] -> link text: Show All Laptops & Notebooks]
2022-12-19 09:12:60 INFO  LaptopsAndNotebooksPage :150 - Price High To Low[[ChromeDriver: chrome on WINDOWS (12da26da948a52a6aea7b207ba35c809)] -> id: input-sort]
2022-12-19 09:12:457 INFO  LaptopsAndNotebooksPage :168 - select product[[ChromeDriver: chrome on WINDOWS (12da26da948a52a6aea7b207ba35c809)] -> xpath: //a[text()='MacBook']]
2022-12-19 09:12:495 INFO  LaptopsAndNotebooksPage :180 - verify macbook[[ChromeDriver: chrome on WINDOWS (12da26da948a52a6aea7b207ba35c809)] -> xpath: //h1[contains(text(),'MacBook')]]
2022-12-19 09:12:791 INFO  LaptopsAndNotebooksPage :190 - click Add To Cart[[ChromeDriver: chrome on WINDOWS (12da26da948a52a6aea7b207ba35c809)] -> id: button-cart]
2022-12-19 09:12:988 INFO  LaptopsAndNotebooksPage :196 - get Text[[ChromeDriver: chrome on WINDOWS (12da26da948a52a6aea7b207ba35c809)] -> xpath: //div[@class='alert alert-success alert-dismissible']]
2022-12-19 09:12:618 INFO  LaptopsAndNotebooksPage :203 - clickOn Shopping Card[[ChromeDriver: chrome on WINDOWS (12da26da948a52a6aea7b207ba35c809)] -> xpath: //a[contains(text(),'shopping cart')]]
2022-12-19 09:12:649 INFO  LaptopsAndNotebooksPage :208 - get Text[[ChromeDriver: chrome on WINDOWS (12da26da948a52a6aea7b207ba35c809)] -> xpath: //a[contains(text(),'Shopping Cart')]]
2022-12-19 09:12:705 INFO  LaptopsAndNotebooksPage :214 - Verify Leptop HP[[ChromeDriver: chrome on WINDOWS (12da26da948a52a6aea7b207ba35c809)] -> link text: MacBook]
2022-12-19 09:12:785 INFO  LaptopsAndNotebooksPage :221 - Clear On Quantity[[ChromeDriver: chrome on WINDOWS (12da26da948a52a6aea7b207ba35c809)] -> xpath: //tbody/tr[1]/td[4]/div[1]/input[1]]
2022-12-19 09:12:949 INFO  LaptopsAndNotebooksPage :227 - Add Quantity[[ChromeDriver: chrome on WINDOWS (12da26da948a52a6aea7b207ba35c809)] -> xpath: //tbody/tr[1]/td[4]/div[1]/input[1]]
2022-12-19 09:12:702 INFO  LaptopsAndNotebooksPage :233 - updata button click[[ChromeDriver: chrome on WINDOWS (12da26da948a52a6aea7b207ba35c809)] -> xpath: //tbody/tr[1]/td[4]/div[1]/span[1]/button[1]]
2022-12-19 09:12:739 INFO  LaptopsAndNotebooksPage :238 - get Text[[ChromeDriver: chrome on WINDOWS (12da26da948a52a6aea7b207ba35c809)] -> xpath: //div[@class='alert alert-success alert-dismissible']]
2022-12-19 09:12:785 INFO  LaptopsAndNotebooksPage :246 - Verify Product Price[[ChromeDriver: chrome on WINDOWS (12da26da948a52a6aea7b207ba35c809)] -> xpath: //tbody/tr[1]/td[6]]
2022-12-19 09:12:352 INFO  LaptopsAndNotebooksPage :174 - click checkout[[ChromeDriver: chrome on WINDOWS (12da26da948a52a6aea7b207ba35c809)] -> xpath: //a[contains(text(),'Checkout')]]
2022-12-19 09:12:395 INFO  LaptopsAndNotebooksPage :252 - Verify text checkout[[ChromeDriver: chrome on WINDOWS (12da26da948a52a6aea7b207ba35c809)] -> xpath: //h1[contains(text(),'Checkout')]]
2022-12-19 09:12:536 INFO  LaptopsAndNotebooksPage :258 - Verify text new customer1[[ChromeDriver: chrome on WINDOWS (12da26da948a52a6aea7b207ba35c809)] -> xpath: //h2[contains(text(),'New Customer')]]
2022-12-19 09:12:699 INFO  LaptopsAndNotebooksPage :271 - click accout button[[ChromeDriver: chrome on WINDOWS (12da26da948a52a6aea7b207ba35c809)] -> xpath: //input[@id='button-account']]
2022-12-19 09:12:412 INFO  HomePage :112 - mouse Hover On laptop [[ChromeDriver: chrome on WINDOWS (fb1a528f07c046b03caec2e7f0c41020)] -> link text: Laptops & Notebooks]
2022-12-19 09:12:284 INFO  HomePage :119 - click On Show All laptop [[ChromeDriver: chrome on WINDOWS (fb1a528f07c046b03caec2e7f0c41020)] -> link text: Show All Laptops & Notebooks]
2022-12-19 09:12:07 INFO  LaptopsAndNotebooksPage :149 - Price High To Low[[ChromeDriver: chrome on WINDOWS (fb1a528f07c046b03caec2e7f0c41020)] -> id: input-sort]
2022-12-19 09:12:559 INFO  LaptopsAndNotebooksPage :165 - select product[[ChromeDriver: chrome on WINDOWS (fb1a528f07c046b03caec2e7f0c41020)] -> xpath: //a[text()='MacBook']]
2022-12-19 09:12:605 INFO  LaptopsAndNotebooksPage :175 - verify macbook[[ChromeDriver: chrome on WINDOWS (fb1a528f07c046b03caec2e7f0c41020)] -> xpath: //h1[contains(text(),'MacBook')]]
2022-12-19 09:12:856 INFO  LaptopsAndNotebooksPage :182 - click Add To Cart[[ChromeDriver: chrome on WINDOWS (fb1a528f07c046b03caec2e7f0c41020)] -> id: button-cart]
2022-12-19 09:12:56 INFO  LaptopsAndNotebooksPage :187 - get Text[[ChromeDriver: chrome on WINDOWS (fb1a528f07c046b03caec2e7f0c41020)] -> xpath: //div[@class='alert alert-success alert-dismissible']]
2022-12-19 09:12:645 INFO  LaptopsAndNotebooksPage :193 - clickOn Shopping Card[[ChromeDriver: chrome on WINDOWS (fb1a528f07c046b03caec2e7f0c41020)] -> xpath: //a[contains(text(),'shopping cart')]]
2022-12-19 09:12:699 INFO  LaptopsAndNotebooksPage :197 - get Text[[ChromeDriver: chrome on WINDOWS (fb1a528f07c046b03caec2e7f0c41020)] -> xpath: //a[contains(text(),'Shopping Cart')]]
2022-12-19 09:12:771 INFO  LaptopsAndNotebooksPage :202 - Verify Leptop HP[[ChromeDriver: chrome on WINDOWS (fb1a528f07c046b03caec2e7f0c41020)] -> link text: MacBook]
2022-12-19 09:12:871 INFO  LaptopsAndNotebooksPage :208 - Clear On Quantity[[ChromeDriver: chrome on WINDOWS (fb1a528f07c046b03caec2e7f0c41020)] -> xpath: //tbody/tr[1]/td[4]/div[1]/input[1]]
2022-12-19 09:12:05 INFO  LaptopsAndNotebooksPage :213 - Add Quantity[[ChromeDriver: chrome on WINDOWS (fb1a528f07c046b03caec2e7f0c41020)] -> xpath: //tbody/tr[1]/td[4]/div[1]/input[1]]
2022-12-19 09:12:790 INFO  LaptopsAndNotebooksPage :218 - updata button click[[ChromeDriver: chrome on WINDOWS (fb1a528f07c046b03caec2e7f0c41020)] -> xpath: //tbody/tr[1]/td[4]/div[1]/span[1]/button[1]]
2022-12-19 09:12:838 INFO  LaptopsAndNotebooksPage :222 - get Text[[ChromeDriver: chrome on WINDOWS (fb1a528f07c046b03caec2e7f0c41020)] -> xpath: //div[@class='alert alert-success alert-dismissible']]
2022-12-19 09:12:882 INFO  LaptopsAndNotebooksPage :228 - Verify Product Price[[ChromeDriver: chrome on WINDOWS (fb1a528f07c046b03caec2e7f0c41020)] -> xpath: //tbody/tr[1]/td[6]]
2022-12-19 09:12:434 INFO  LaptopsAndNotebooksPage :170 - click checkout[[ChromeDriver: chrome on WINDOWS (fb1a528f07c046b03caec2e7f0c41020)] -> xpath: //a[contains(text(),'Checkout')]]
2022-12-19 09:12:471 INFO  LaptopsAndNotebooksPage :234 - Verify text checkout[[ChromeDriver: chrome on WINDOWS (fb1a528f07c046b03caec2e7f0c41020)] -> xpath: //h1[contains(text(),'Checkout')]]
2022-12-19 09:12:611 INFO  LaptopsAndNotebooksPage :240 - Verify text new customer1[[ChromeDriver: chrome on WINDOWS (fb1a528f07c046b03caec2e7f0c41020)] -> xpath: //h2[contains(text(),'New Customer')]]
2022-12-19 09:12:762 INFO  LaptopsAndNotebooksPage :253 - click accout button[[ChromeDriver: chrome on WINDOWS (fb1a528f07c046b03caec2e7f0c41020)] -> xpath: //input[@id='button-account']]
2022-12-19 09:12:662 INFO  HomePage :112 - mouse Hover On laptop [[ChromeDriver: chrome on WINDOWS (48fb659d9fac1604442b361267584dc9)] -> link text: Laptops & Notebooks]
2022-12-19 09:12:867 INFO  HomePage :119 - click On Show All laptop [[ChromeDriver: chrome on WINDOWS (48fb659d9fac1604442b361267584dc9)] -> link text: Show All Laptops & Notebooks]
2022-12-19 09:12:684 INFO  LaptopsAndNotebooksPage :149 - Price High To Low[[ChromeDriver: chrome on WINDOWS (48fb659d9fac1604442b361267584dc9)] -> id: input-sort]
2022-12-19 09:12:362 INFO  LaptopsAndNotebooksPage :165 - select product[[ChromeDriver: chrome on WINDOWS (48fb659d9fac1604442b361267584dc9)] -> xpath: //a[text()='MacBook']]
2022-12-19 09:12:402 INFO  LaptopsAndNotebooksPage :175 - verify macbook[[ChromeDriver: chrome on WINDOWS (48fb659d9fac1604442b361267584dc9)] -> xpath: //h1[contains(text(),'MacBook')]]
2022-12-19 09:12:862 INFO  LaptopsAndNotebooksPage :182 - click Add To Cart[[ChromeDriver: chrome on WINDOWS (48fb659d9fac1604442b361267584dc9)] -> id: button-cart]
2022-12-19 09:12:987 INFO  LaptopsAndNotebooksPage :187 - get Text[[ChromeDriver: chrome on WINDOWS (48fb659d9fac1604442b361267584dc9)] -> xpath: //div[@class='alert alert-success alert-dismissible']]
2022-12-19 09:12:551 INFO  LaptopsAndNotebooksPage :193 - clickOn Shopping Card[[ChromeDriver: chrome on WINDOWS (48fb659d9fac1604442b361267584dc9)] -> xpath: //a[contains(text(),'shopping cart')]]
2022-12-19 09:12:602 INFO  LaptopsAndNotebooksPage :197 - get Text[[ChromeDriver: chrome on WINDOWS (48fb659d9fac1604442b361267584dc9)] -> xpath: //a[contains(text(),'Shopping Cart')]]
2022-12-19 09:12:675 INFO  LaptopsAndNotebooksPage :202 - Verify Leptop HP[[ChromeDriver: chrome on WINDOWS (48fb659d9fac1604442b361267584dc9)] -> link text: MacBook]
2022-12-19 09:12:780 INFO  LaptopsAndNotebooksPage :208 - Clear On Quantity[[ChromeDriver: chrome on WINDOWS (48fb659d9fac1604442b361267584dc9)] -> xpath: //tbody/tr[1]/td[4]/div[1]/input[1]]
2022-12-19 09:12:930 INFO  LaptopsAndNotebooksPage :213 - Add Quantity[[ChromeDriver: chrome on WINDOWS (48fb659d9fac1604442b361267584dc9)] -> xpath: //tbody/tr[1]/td[4]/div[1]/input[1]]
2022-12-19 09:12:757 INFO  LaptopsAndNotebooksPage :218 - updata button click[[ChromeDriver: chrome on WINDOWS (48fb659d9fac1604442b361267584dc9)] -> xpath: //tbody/tr[1]/td[4]/div[1]/span[1]/button[1]]
2022-12-19 09:12:792 INFO  LaptopsAndNotebooksPage :222 - get Text[[ChromeDriver: chrome on WINDOWS (48fb659d9fac1604442b361267584dc9)] -> xpath: //div[@class='alert alert-success alert-dismissible']]
2022-12-19 09:12:835 INFO  LaptopsAndNotebooksPage :228 - Verify Product Price[[ChromeDriver: chrome on WINDOWS (48fb659d9fac1604442b361267584dc9)] -> xpath: //tbody/tr[1]/td[6]]
2022-12-19 09:12:414 INFO  LaptopsAndNotebooksPage :170 - click checkout[[ChromeDriver: chrome on WINDOWS (48fb659d9fac1604442b361267584dc9)] -> xpath: //a[contains(text(),'Checkout')]]
2022-12-19 09:12:441 INFO  LaptopsAndNotebooksPage :234 - Verify text checkout[[ChromeDriver: chrome on WINDOWS (48fb659d9fac1604442b361267584dc9)] -> xpath: //h1[contains(text(),'Checkout')]]
2022-12-19 09:12:511 INFO  LaptopsAndNotebooksPage :240 - Verify text new customer1[[ChromeDriver: chrome on WINDOWS (48fb659d9fac1604442b361267584dc9)] -> xpath: //h2[contains(text(),'New Customer')]]
2022-12-19 09:12:705 INFO  LaptopsAndNotebooksPage :253 - click accout button[[ChromeDriver: chrome on WINDOWS (48fb659d9fac1604442b361267584dc9)] -> xpath: //input[@id='button-account']]
2022-12-19 09:12:355 INFO  HomePage :112 - mouse Hover On laptop [[ChromeDriver: chrome on WINDOWS (62ded393aa9bc01fbb64340c9e4aa945)] -> link text: Laptops & Notebooks]
2022-12-19 09:12:339 INFO  HomePage :119 - click On Show All laptop [[ChromeDriver: chrome on WINDOWS (62ded393aa9bc01fbb64340c9e4aa945)] -> link text: Show All Laptops & Notebooks]
2022-12-19 09:12:165 INFO  LaptopsAndNotebooksPage :149 - Price High To Low[[ChromeDriver: chrome on WINDOWS (62ded393aa9bc01fbb64340c9e4aa945)] -> id: input-sort]
2022-12-19 09:12:842 INFO  LaptopsAndNotebooksPage :165 - select product[[ChromeDriver: chrome on WINDOWS (62ded393aa9bc01fbb64340c9e4aa945)] -> xpath: //a[text()='MacBook']]
2022-12-19 09:12:879 INFO  LaptopsAndNotebooksPage :175 - verify macbook[[ChromeDriver: chrome on WINDOWS (62ded393aa9bc01fbb64340c9e4aa945)] -> xpath: //h1[contains(text(),'MacBook')]]
2022-12-19 09:12:229 INFO  LaptopsAndNotebooksPage :182 - click Add To Cart[[ChromeDriver: chrome on WINDOWS (62ded393aa9bc01fbb64340c9e4aa945)] -> id: button-cart]
2022-12-19 09:12:379 INFO  LaptopsAndNotebooksPage :187 - get Text[[ChromeDriver: chrome on WINDOWS (62ded393aa9bc01fbb64340c9e4aa945)] -> xpath: //div[@class='alert alert-success alert-dismissible']]
2022-12-19 09:12:00 INFO  LaptopsAndNotebooksPage :193 - clickOn Shopping Card[[ChromeDriver: chrome on WINDOWS (62ded393aa9bc01fbb64340c9e4aa945)] -> xpath: //a[contains(text(),'shopping cart')]]
2022-12-19 09:12:45 INFO  LaptopsAndNotebooksPage :197 - get Text[[ChromeDriver: chrome on WINDOWS (62ded393aa9bc01fbb64340c9e4aa945)] -> xpath: //a[contains(text(),'Shopping Cart')]]
2022-12-19 09:12:131 INFO  LaptopsAndNotebooksPage :202 - Verify Leptop HP[[ChromeDriver: chrome on WINDOWS (62ded393aa9bc01fbb64340c9e4aa945)] -> link text: MacBook]
2022-12-19 09:12:261 INFO  LaptopsAndNotebooksPage :208 - Clear On Quantity[[ChromeDriver: chrome on WINDOWS (62ded393aa9bc01fbb64340c9e4aa945)] -> xpath: //tbody/tr[1]/td[4]/div[1]/input[1]]
2022-12-19 09:12:404 INFO  LaptopsAndNotebooksPage :213 - Add Quantity[[ChromeDriver: chrome on WINDOWS (62ded393aa9bc01fbb64340c9e4aa945)] -> xpath: //tbody/tr[1]/td[4]/div[1]/input[1]]
2022-12-19 09:12:161 INFO  LaptopsAndNotebooksPage :218 - updata button click[[ChromeDriver: chrome on WINDOWS (62ded393aa9bc01fbb64340c9e4aa945)] -> xpath: //tbody/tr[1]/td[4]/div[1]/span[1]/button[1]]
2022-12-19 09:12:199 INFO  LaptopsAndNotebooksPage :222 - get Text[[ChromeDriver: chrome on WINDOWS (62ded393aa9bc01fbb64340c9e4aa945)] -> xpath: //div[@class='alert alert-success alert-dismissible']]
2022-12-19 09:12:258 INFO  LaptopsAndNotebooksPage :228 - Verify Product Price[[ChromeDriver: chrome on WINDOWS (62ded393aa9bc01fbb64340c9e4aa945)] -> xpath: //tbody/tr[1]/td[6]]
2022-12-19 09:12:874 INFO  LaptopsAndNotebooksPage :170 - click checkout[[ChromeDriver: chrome on WINDOWS (62ded393aa9bc01fbb64340c9e4aa945)] -> xpath: //a[contains(text(),'Checkout')]]
2022-12-19 09:12:922 INFO  LaptopsAndNotebooksPage :234 - Verify text checkout[[ChromeDriver: chrome on WINDOWS (62ded393aa9bc01fbb64340c9e4aa945)] -> xpath: //h1[contains(text(),'Checkout')]]
2022-12-19 09:12:24 INFO  LaptopsAndNotebooksPage :240 - Verify text new customer1[[ChromeDriver: chrome on WINDOWS (62ded393aa9bc01fbb64340c9e4aa945)] -> xpath: //h2[contains(text(),'New Customer')]]
2022-12-19 09:12:199 INFO  LaptopsAndNotebooksPage :253 - click accout button[[ChromeDriver: chrome on WINDOWS (62ded393aa9bc01fbb64340c9e4aa945)] -> xpath: //input[@id='button-account']]
2022-12-19 09:12:348 INFO  HomePage :112 - mouse Hover On laptop [[ChromeDriver: chrome on WINDOWS (9f2180def1c9fc8c509c0181216917fb)] -> link text: Laptops & Notebooks]
2022-12-19 09:12:376 INFO  HomePage :119 - click On Show All laptop [[ChromeDriver: chrome on WINDOWS (9f2180def1c9fc8c509c0181216917fb)] -> link text: Show All Laptops & Notebooks]
2022-12-19 09:12:232 INFO  LaptopsAndNotebooksPage :149 - Price High To Low[[ChromeDriver: chrome on WINDOWS (9f2180def1c9fc8c509c0181216917fb)] -> id: input-sort]
2022-12-19 09:12:802 INFO  LaptopsAndNotebooksPage :165 - select product[[ChromeDriver: chrome on WINDOWS (9f2180def1c9fc8c509c0181216917fb)] -> xpath: //a[text()='MacBook']]
2022-12-19 09:12:854 INFO  LaptopsAndNotebooksPage :175 - verify macbook[[ChromeDriver: chrome on WINDOWS (9f2180def1c9fc8c509c0181216917fb)] -> xpath: //h1[contains(text(),'MacBook')]]
2022-12-19 09:12:273 INFO  LaptopsAndNotebooksPage :182 - click Add To Cart[[ChromeDriver: chrome on WINDOWS (9f2180def1c9fc8c509c0181216917fb)] -> id: button-cart]
2022-12-19 09:12:432 INFO  LaptopsAndNotebooksPage :187 - get Text[[ChromeDriver: chrome on WINDOWS (9f2180def1c9fc8c509c0181216917fb)] -> xpath: //div[@class='alert alert-success alert-dismissible']]
2022-12-19 09:12:98 INFO  LaptopsAndNotebooksPage :193 - clickOn Shopping Card[[ChromeDriver: chrome on WINDOWS (9f2180def1c9fc8c509c0181216917fb)] -> xpath: //a[contains(text(),'shopping cart')]]
2022-12-19 09:12:173 INFO  LaptopsAndNotebooksPage :197 - get Text[[ChromeDriver: chrome on WINDOWS (9f2180def1c9fc8c509c0181216917fb)] -> xpath: //a[contains(text(),'Shopping Cart')]]
2022-12-19 09:12:248 INFO  LaptopsAndNotebooksPage :202 - Verify Leptop HP[[ChromeDriver: chrome on WINDOWS (9f2180def1c9fc8c509c0181216917fb)] -> link text: MacBook]
2022-12-19 09:12:359 INFO  LaptopsAndNotebooksPage :208 - Clear On Quantity[[ChromeDriver: chrome on WINDOWS (9f2180def1c9fc8c509c0181216917fb)] -> xpath: //tbody/tr[1]/td[4]/div[1]/input[1]]
2022-12-19 09:12:509 INFO  LaptopsAndNotebooksPage :213 - Add Quantity[[ChromeDriver: chrome on WINDOWS (9f2180def1c9fc8c509c0181216917fb)] -> xpath: //tbody/tr[1]/td[4]/div[1]/input[1]]
2022-12-19 09:12:290 INFO  LaptopsAndNotebooksPage :218 - updata button click[[ChromeDriver: chrome on WINDOWS (9f2180def1c9fc8c509c0181216917fb)] -> xpath: //tbody/tr[1]/td[4]/div[1]/span[1]/button[1]]
2022-12-19 09:12:338 INFO  LaptopsAndNotebooksPage :222 - get Text[[ChromeDriver: chrome on WINDOWS (9f2180def1c9fc8c509c0181216917fb)] -> xpath: //div[@class='alert alert-success alert-dismissible']]
2022-12-19 09:12:395 INFO  LaptopsAndNotebooksPage :228 - Verify Product Price[[ChromeDriver: chrome on WINDOWS (9f2180def1c9fc8c509c0181216917fb)] -> xpath: //tbody/tr[1]/td[6]]
2022-12-19 09:12:16 INFO  LaptopsAndNotebooksPage :170 - click checkout[[ChromeDriver: chrome on WINDOWS (9f2180def1c9fc8c509c0181216917fb)] -> xpath: //a[contains(text(),'Checkout')]]
2022-12-19 09:12:53 INFO  LaptopsAndNotebooksPage :234 - Verify text checkout[[ChromeDriver: chrome on WINDOWS (9f2180def1c9fc8c509c0181216917fb)] -> xpath: //h1[contains(text(),'Checkout')]]
2022-12-19 09:12:198 INFO  LaptopsAndNotebooksPage :240 - Verify text new customer1[[ChromeDriver: chrome on WINDOWS (9f2180def1c9fc8c509c0181216917fb)] -> xpath: //h2[contains(text(),'New Customer')]]
2022-12-19 09:12:422 INFO  LaptopsAndNotebooksPage :253 - click accout button[[ChromeDriver: chrome on WINDOWS (9f2180def1c9fc8c509c0181216917fb)] -> xpath: //input[@id='button-account']]
2022-12-19 09:12:685 INFO  HomePage :112 - mouse Hover On laptop [[ChromeDriver: chrome on WINDOWS (1072b8d4597955631f17160fb24e223c)] -> link text: Laptops & Notebooks]
2022-12-19 09:12:583 INFO  HomePage :119 - click On Show All laptop [[ChromeDriver: chrome on WINDOWS (1072b8d4597955631f17160fb24e223c)] -> link text: Show All Laptops & Notebooks]
2022-12-19 09:12:315 INFO  LaptopsAndNotebooksPage :149 - Price High To Low[[ChromeDriver: chrome on WINDOWS (1072b8d4597955631f17160fb24e223c)] -> id: input-sort]
2022-12-19 09:12:150 INFO  LaptopsAndNotebooksPage :165 - select product[[ChromeDriver: chrome on WINDOWS (1072b8d4597955631f17160fb24e223c)] -> xpath: //a[text()='MacBook']]
2022-12-19 09:12:180 INFO  LaptopsAndNotebooksPage :175 - verify macbook[[ChromeDriver: chrome on WINDOWS (1072b8d4597955631f17160fb24e223c)] -> xpath: //h1[contains(text(),'MacBook')]]
2022-12-19 09:12:489 INFO  LaptopsAndNotebooksPage :182 - click Add To Cart[[ChromeDriver: chrome on WINDOWS (1072b8d4597955631f17160fb24e223c)] -> id: button-cart]
2022-12-19 09:12:650 INFO  LaptopsAndNotebooksPage :187 - get Text[[ChromeDriver: chrome on WINDOWS (1072b8d4597955631f17160fb24e223c)] -> xpath: //div[@class='alert alert-success alert-dismissible']]
2022-12-19 09:12:249 INFO  LaptopsAndNotebooksPage :193 - clickOn Shopping Card[[ChromeDriver: chrome on WINDOWS (1072b8d4597955631f17160fb24e223c)] -> xpath: //a[contains(text(),'shopping cart')]]
2022-12-19 09:12:335 INFO  LaptopsAndNotebooksPage :197 - get Text[[ChromeDriver: chrome on WINDOWS (1072b8d4597955631f17160fb24e223c)] -> xpath: //a[contains(text(),'Shopping Cart')]]
2022-12-19 09:12:395 INFO  LaptopsAndNotebooksPage :202 - Verify Leptop HP[[ChromeDriver: chrome on WINDOWS (1072b8d4597955631f17160fb24e223c)] -> link text: MacBook]
2022-12-19 09:12:474 INFO  LaptopsAndNotebooksPage :208 - Clear On Quantity[[ChromeDriver: chrome on WINDOWS (1072b8d4597955631f17160fb24e223c)] -> xpath: //tbody/tr[1]/td[4]/div[1]/input[1]]
2022-12-19 09:12:592 INFO  LaptopsAndNotebooksPage :213 - Add Quantity[[ChromeDriver: chrome on WINDOWS (1072b8d4597955631f17160fb24e223c)] -> xpath: //tbody/tr[1]/td[4]/div[1]/input[1]]
2022-12-19 09:12:355 INFO  LaptopsAndNotebooksPage :218 - updata button click[[ChromeDriver: chrome on WINDOWS (1072b8d4597955631f17160fb24e223c)] -> xpath: //tbody/tr[1]/td[4]/div[1]/span[1]/button[1]]
2022-12-19 09:12:401 INFO  LaptopsAndNotebooksPage :222 - get Text[[ChromeDriver: chrome on WINDOWS (1072b8d4597955631f17160fb24e223c)] -> xpath: //div[@class='alert alert-success alert-dismissible']]
2022-12-19 09:12:454 INFO  LaptopsAndNotebooksPage :228 - Verify Product Price[[ChromeDriver: chrome on WINDOWS (1072b8d4597955631f17160fb24e223c)] -> xpath: //tbody/tr[1]/td[6]]
2022-12-19 09:12:31 INFO  LaptopsAndNotebooksPage :170 - click checkout[[ChromeDriver: chrome on WINDOWS (1072b8d4597955631f17160fb24e223c)] -> xpath: //a[contains(text(),'Checkout')]]
2022-12-19 09:12:64 INFO  LaptopsAndNotebooksPage :234 - Verify text checkout[[ChromeDriver: chrome on WINDOWS (1072b8d4597955631f17160fb24e223c)] -> xpath: //h1[contains(text(),'Checkout')]]
2022-12-19 09:12:191 INFO  LaptopsAndNotebooksPage :240 - Verify text new customer1[[ChromeDriver: chrome on WINDOWS (1072b8d4597955631f17160fb24e223c)] -> xpath: //h2[contains(text(),'New Customer')]]
2022-12-19 09:12:382 INFO  LaptopsAndNotebooksPage :254 - click accout button[[ChromeDriver: chrome on WINDOWS (1072b8d4597955631f17160fb24e223c)] -> xpath: //input[@id='button-account']]
2022-12-19 09:12:295 INFO  HomePage :112 - mouse Hover On laptop [[ChromeDriver: chrome on WINDOWS (087f6c05548492ee95a88a2d88dca185)] -> link text: Laptops & Notebooks]
2022-12-19 09:12:32 INFO  HomePage :119 - click On Show All laptop [[ChromeDriver: chrome on WINDOWS (087f6c05548492ee95a88a2d88dca185)] -> link text: Show All Laptops & Notebooks]
2022-12-19 09:12:716 INFO  LaptopsAndNotebooksPage :149 - Price High To Low[[ChromeDriver: chrome on WINDOWS (087f6c05548492ee95a88a2d88dca185)] -> id: input-sort]
2022-12-19 09:12:476 INFO  LaptopsAndNotebooksPage :165 - select product[[ChromeDriver: chrome on WINDOWS (087f6c05548492ee95a88a2d88dca185)] -> xpath: //a[text()='MacBook']]
2022-12-19 09:12:502 INFO  LaptopsAndNotebooksPage :175 - verify macbook[[ChromeDriver: chrome on WINDOWS (087f6c05548492ee95a88a2d88dca185)] -> xpath: //h1[contains(text(),'MacBook')]]
2022-12-19 09:12:895 INFO  LaptopsAndNotebooksPage :182 - click Add To Cart[[ChromeDriver: chrome on WINDOWS (087f6c05548492ee95a88a2d88dca185)] -> id: button-cart]
2022-12-19 09:12:133 INFO  LaptopsAndNotebooksPage :187 - get Text[[ChromeDriver: chrome on WINDOWS (087f6c05548492ee95a88a2d88dca185)] -> xpath: //div[@class='alert alert-success alert-dismissible']]
2022-12-19 09:12:709 INFO  LaptopsAndNotebooksPage :193 - clickOn Shopping Card[[ChromeDriver: chrome on WINDOWS (087f6c05548492ee95a88a2d88dca185)] -> xpath: //a[contains(text(),'shopping cart')]]
2022-12-19 09:12:787 INFO  LaptopsAndNotebooksPage :197 - get Text[[ChromeDriver: chrome on WINDOWS (087f6c05548492ee95a88a2d88dca185)] -> xpath: //a[contains(text(),'Shopping Cart')]]
2022-12-19 09:12:848 INFO  LaptopsAndNotebooksPage :202 - Verify Leptop HP[[ChromeDriver: chrome on WINDOWS (087f6c05548492ee95a88a2d88dca185)] -> link text: MacBook]
2022-12-19 09:12:931 INFO  LaptopsAndNotebooksPage :208 - Clear On Quantity[[ChromeDriver: chrome on WINDOWS (087f6c05548492ee95a88a2d88dca185)] -> xpath: //tbody/tr[1]/td[4]/div[1]/input[1]]
2022-12-19 09:12:61 INFO  LaptopsAndNotebooksPage :213 - Add Quantity[[ChromeDriver: chrome on WINDOWS (087f6c05548492ee95a88a2d88dca185)] -> xpath: //tbody/tr[1]/td[4]/div[1]/input[1]]
2022-12-19 09:12:839 INFO  LaptopsAndNotebooksPage :218 - updata button click[[ChromeDriver: chrome on WINDOWS (087f6c05548492ee95a88a2d88dca185)] -> xpath: //tbody/tr[1]/td[4]/div[1]/span[1]/button[1]]
2022-12-19 09:12:886 INFO  LaptopsAndNotebooksPage :222 - get Text[[ChromeDriver: chrome on WINDOWS (087f6c05548492ee95a88a2d88dca185)] -> xpath: //div[@class='alert alert-success alert-dismissible']]
2022-12-19 09:12:943 INFO  LaptopsAndNotebooksPage :228 - Verify Product Price[[ChromeDriver: chrome on WINDOWS (087f6c05548492ee95a88a2d88dca185)] -> xpath: //tbody/tr[1]/td[6]]
2022-12-19 09:12:515 INFO  LaptopsAndNotebooksPage :170 - click checkout[[ChromeDriver: chrome on WINDOWS (087f6c05548492ee95a88a2d88dca185)] -> xpath: //a[contains(text(),'Checkout')]]
2022-12-19 09:12:559 INFO  LaptopsAndNotebooksPage :234 - Verify text checkout[[ChromeDriver: chrome on WINDOWS (087f6c05548492ee95a88a2d88dca185)] -> xpath: //h1[contains(text(),'Checkout')]]
2022-12-19 09:12:665 INFO  LaptopsAndNotebooksPage :240 - Verify text new customer1[[ChromeDriver: chrome on WINDOWS (087f6c05548492ee95a88a2d88dca185)] -> xpath: //h2[contains(text(),'New Customer')]]
2022-12-19 09:12:869 INFO  LaptopsAndNotebooksPage :254 - click accout button[[ChromeDriver: chrome on WINDOWS (087f6c05548492ee95a88a2d88dca185)] -> xpath: //input[@id='button-account']]
2022-12-19 09:12:24 INFO  LaptopsAndNotebooksPage :254 - click accout button[[ChromeDriver: chrome on WINDOWS (087f6c05548492ee95a88a2d88dca185)] -> xpath: //input[@id='button-account']]
2022-12-19 09:12:361 INFO  HomePage :112 - mouse Hover On laptop [[ChromeDriver: chrome on WINDOWS (571bcbebe82e2f1b0052fd67110449a2)] -> link text: Laptops & Notebooks]
2022-12-19 09:12:334 INFO  HomePage :119 - click On Show All laptop [[ChromeDriver: chrome on WINDOWS (571bcbebe82e2f1b0052fd67110449a2)] -> link text: Show All Laptops & Notebooks]
2022-12-19 09:12:11 INFO  LaptopsAndNotebooksPage :149 - Price High To Low[[ChromeDriver: chrome on WINDOWS (571bcbebe82e2f1b0052fd67110449a2)] -> id: input-sort]
2022-12-19 09:12:600 INFO  LaptopsAndNotebooksPage :165 - select product[[ChromeDriver: chrome on WINDOWS (571bcbebe82e2f1b0052fd67110449a2)] -> xpath: //a[text()='MacBook']]
2022-12-19 09:12:647 INFO  LaptopsAndNotebooksPage :175 - verify macbook[[ChromeDriver: chrome on WINDOWS (571bcbebe82e2f1b0052fd67110449a2)] -> xpath: //h1[contains(text(),'MacBook')]]
2022-12-19 09:12:971 INFO  LaptopsAndNotebooksPage :182 - click Add To Cart[[ChromeDriver: chrome on WINDOWS (571bcbebe82e2f1b0052fd67110449a2)] -> id: button-cart]
2022-12-19 09:12:123 INFO  LaptopsAndNotebooksPage :187 - get Text[[ChromeDriver: chrome on WINDOWS (571bcbebe82e2f1b0052fd67110449a2)] -> xpath: //div[@class='alert alert-success alert-dismissible']]
2022-12-19 09:12:701 INFO  LaptopsAndNotebooksPage :193 - clickOn Shopping Card[[ChromeDriver: chrome on WINDOWS (571bcbebe82e2f1b0052fd67110449a2)] -> xpath: //a[contains(text(),'shopping cart')]]
2022-12-19 09:12:760 INFO  LaptopsAndNotebooksPage :197 - get Text[[ChromeDriver: chrome on WINDOWS (571bcbebe82e2f1b0052fd67110449a2)] -> xpath: //a[contains(text(),'Shopping Cart')]]
2022-12-19 09:12:830 INFO  LaptopsAndNotebooksPage :202 - Verify Leptop HP[[ChromeDriver: chrome on WINDOWS (571bcbebe82e2f1b0052fd67110449a2)] -> link text: MacBook]
2022-12-19 09:12:907 INFO  LaptopsAndNotebooksPage :208 - Clear On Quantity[[ChromeDriver: chrome on WINDOWS (571bcbebe82e2f1b0052fd67110449a2)] -> xpath: //tbody/tr[1]/td[4]/div[1]/input[1]]
2022-12-19 09:12:51 INFO  LaptopsAndNotebooksPage :213 - Add Quantity[[ChromeDriver: chrome on WINDOWS (571bcbebe82e2f1b0052fd67110449a2)] -> xpath: //tbody/tr[1]/td[4]/div[1]/input[1]]
2022-12-19 09:12:840 INFO  LaptopsAndNotebooksPage :218 - updata button click[[ChromeDriver: chrome on WINDOWS (571bcbebe82e2f1b0052fd67110449a2)] -> xpath: //tbody/tr[1]/td[4]/div[1]/span[1]/button[1]]
2022-12-19 09:12:884 INFO  LaptopsAndNotebooksPage :222 - get Text[[ChromeDriver: chrome on WINDOWS (571bcbebe82e2f1b0052fd67110449a2)] -> xpath: //div[@class='alert alert-success alert-dismissible']]
2022-12-19 09:12:933 INFO  LaptopsAndNotebooksPage :228 - Verify Product Price[[ChromeDriver: chrome on WINDOWS (571bcbebe82e2f1b0052fd67110449a2)] -> xpath: //tbody/tr[1]/td[6]]
2022-12-19 09:12:512 INFO  LaptopsAndNotebooksPage :170 - click checkout[[ChromeDriver: chrome on WINDOWS (571bcbebe82e2f1b0052fd67110449a2)] -> xpath: //a[contains(text(),'Checkout')]]
2022-12-19 09:12:539 INFO  LaptopsAndNotebooksPage :234 - Verify text checkout[[ChromeDriver: chrome on WINDOWS (571bcbebe82e2f1b0052fd67110449a2)] -> xpath: //h1[contains(text(),'Checkout')]]
2022-12-19 09:12:674 INFO  LaptopsAndNotebooksPage :240 - Verify text new customer1[[ChromeDriver: chrome on WINDOWS (571bcbebe82e2f1b0052fd67110449a2)] -> xpath: //h2[contains(text(),'New Customer')]]
2022-12-19 09:12:851 INFO  LaptopsAndNotebooksPage :253 - click accout button[[ChromeDriver: chrome on WINDOWS (571bcbebe82e2f1b0052fd67110449a2)] -> xpath: //input[@id='button-account']]
